[INFO] (bakerstreet-club/logs.logMsg:91) [2017-06-30 11:47:58 CST]:$_$  => system named SEP.DataListener init success .. 
[INFO] (bakerstreet-club/logs.logMsg:91) [2017-06-30 11:54:06 CST]:$_$  => system named SEP.DataListener init success .. 
[INFO] (bakerstreet-club/logs.logMsg:91) [2017-06-30 12:33:57 CST]:$_$  => system named SEP.DataListener init success .. 
[INFO] (bakerstreet-club/logs.logMsg:91) [2017-06-30 12:37:37 CST]:$_$  => system named SEP.DataListener init success .. 
[INFO] (bakerstreet-club/logs.logMsg:91) [2017-07-01 07:16:53 CST]:$_$  => system named SEP.DataListener init success .. 
[INFO] (bakerstreet-club/logs.logMsg:91) [2017-07-01 07:17:55 CST]:$_$  => system named SEP.DataListener init success .. 
[INFO] (bakerstreet-club/logs.logMsg:91) [2017-07-01 07:20:23 CST]:$_$  => system named SEP.DataListener init success .. 
[INFO] (bakerstreet-club/logs.logMsg:91) [2017-07-01 09:30:32 CST]:$_$  => system named SEP.DataListener init success .. 
[INFO] (bakerstreet-club/logs.logMsg:91) [2017-07-01 09:30:54 CST]:$_$  => system named SEP.DataListener init success .. 
[INFO] (bakerstreet-club/logs.logMsg:91) [2017-07-01 09:45:57 CST]:$_$  => system named SEP.DataListener init success .. 
[INFO] (bakerstreet-club/logs.logMsg:91) [2017-07-01 09:46:24 CST]:$_$  => system named SEP.DataListener init success .. 
[INFO] (bakerstreet-club/logs.logMsg:91) [2017-07-01 09:46:31 CST]:$_$  => system named SEP.DataListener init success .. 
[INFO] (bakerstreet-club/logs.logMsg:91) [2017-07-01 09:46:50 CST]:$_$  => system named SEP.DataListener init success .. 
[INFO] (bakerstreet-club/logs.logMsg:91) [2017-07-01 09:52:06 CST]:$_$  => system named SEP.DataListener init success .. 
[INFO] (bakerstreet-club/logs.logMsg:91) [2017-07-01 09:57:52 CST]:$_$  => system named SEP.DataListener init success .. 
[INFO] (bakerstreet-club/logs.logMsg:91) [2017-07-01 10:00:48 CST]:$_$  => system named SEP.DataListener init success .. 
[INFO] (bakerstreet-club/logs.logMsg:91) [2017-07-01 10:05:35 CST]:$_$  => system named SEP.DataListener init success .. 
[INFO] (bakerstreet-club/logs.logMsg:91) [2017-07-01 10:15:20 CST]:$_$  => system named SEP.DataListener init success .. 
[INFO] (bakerstreet-club/logs.logMsg:91) [2017-07-01 10:26:26 CST]:$_$  => system named SEP.DataListener init success .. 
[INFO] (bakerstreet-club/logs.logMsg:91) [2017-07-01 10:29:17 CST]:$_$  => system named SEP.DataListener init success .. 
[INFO] (bakerstreet-club/logs.logMsg:91) [2017-07-01 10:29:31 CST]:$_$  => system named SEP.DataListener init success .. 
[INFO] (bakerstreet-club/logs.logMsg:91) [2017-07-01 10:29:59 CST]:$_$  => system named SEP.DataListener init success .. 
[INFO] (bakerstreet-club/logs.logMsg:91) [2017-07-01 10:30:32 CST]:$_$  => system named SEP.DataListener init success .. 
[INFO] (bakerstreet-club/logs.logMsg:91) [2017-07-01 10:30:37 CST]:$_$  => system named SEP.DataListener init success .. 
[INFO] (bakerstreet-club/logs.logMsg:91) [2017-07-01 10:32:28 CST]:$_$  => system named SEP.DataListener init success .. 
[INFO] (bakerstreet-club/logs.logMsg:91) [2017-07-01 10:33:56 CST]:$_$  => system named SEP.DataListener init success .. 
[INFO] (bakerstreet-club/logs.logMsg:91) [2017-07-01 10:34:11 CST]:$_$  => system named SEP.DataListener init success .. 
[INFO] (bakerstreet-club/logs.logMsg:91) [2017-07-01 10:46:09 CST]:$_$  => system named SEP.DataListener init success .. 
[INFO] (bakerstreet-club/logs.logMsg:91) [2017-07-01 10:46:33 CST]:$_$  => system named SEP.DataListener init success .. 
[INFO] (bakerstreet-club/logs.logMsg:91) [2017-07-01 10:49:19 CST]:$_$  => system named SEP.DataListener init success .. 
[INFO] (bakerstreet-club/logs.logMsg:91) [2017-07-01 10:51:59 CST]:$_$  => system named SEP.DataListener init success .. 
[INFO] (bakerstreet-club/logs.logMsg:91) [2017-07-01 10:52:29 CST]:$_$  => system named SEP.DataListener init success .. 
[INFO] (bakerstreet-club/logs.logMsg:91) [2017-07-01 11:09:14 CST]:$_$  => system named SEP.DataListener init success .. 
[INFO] (bakerstreet-club/logs.logMsg:91) [2017-07-01 11:21:00 CST]:$_$  => system named SEP.DataListener init success .. 
[INFO] (bakerstreet-club/logs.logMsg:91) [2017-07-01 11:24:56 CST]:$_$  => system named SEP.DataListener init success .. 
[INFO] (bakerstreet-club/logs.logMsg:91) [2017-07-01 11:25:10 CST]:$_$  => system named SEP.DataListener init success .. 
[INFO] (bakerstreet-club/logs.logMsg:91) [2017-07-01 11:26:48 CST]:$_$  => system named SEP.DataListener init success .. 
[INFO] (bakerstreet-club/logs.logMsg:91) [2017-07-01 11:27:10 CST]:$_$  => system named SEP.DataListener init success .. 
[INFO] (bakerstreet-club/logs.logMsg:91) [2017-07-01 11:29:50 CST]:$_$  => system named SEP.DataListener init success .. 
[INFO] (bakerstreet-club/logs.logMsg:91) [2017-07-01 11:31:26 CST]:$_$  => system named SEP.DataListener init success .. 
[INFO] (bakerstreet-club/logs.logMsg:91) [2017-07-01 11:47:51 CST]:$_$  => system named SEP.DataListener init success .. 
[INFO] (bakerstreet-club/logs.logMsg:91) [2017-07-01 11:48:25 CST]:$_$  => system named SEP.DataListener init success .. 
[INFO] (bakerstreet-club/logs.logMsg:91) [2017-07-01 11:48:44 CST]:$_$  => system named SEP.DataListener init success .. 
[INFO] (bakerstreet-club/logs.logMsg:91) [2017-07-01 11:49:01 CST]:$_$  => system named SEP.DataListener init success .. 
[INFO] (bakerstreet-club/logs.logMsg:91) [2017-07-01 11:49:43 CST]:$_$  => system named SEP.DataListener init success .. 
[INFO] (bakerstreet-club/logs.logMsg:91) [2017-07-01 11:50:21 CST]:$_$  => system named SEP.DataListener init success .. 
[INFO] (bakerstreet-club/logs.logMsg:91) [2017-07-01 11:51:02 CST]:$_$  => system named SEP.DataListener init success .. 
[INFO] (bakerstreet-club/logs.logMsg:91) [2017-07-01 11:53:49 CST]:$_$  => system named SEP.DataListener init success .. 
[INFO] (bakerstreet-club/logs.logMsg:91) [2017-07-01 13:25:42 CST]:$_$  => system named SEP.DataListener init success .. 
[INFO] (bakerstreet-club/logs.logMsg:91) [2017-07-01 13:27:06 CST]:$_$  => system named SEP.DataListener init success .. 
[INFO] (bakerstreet-club/logs.logMsg:91) [2017-07-01 13:27:56 CST]:$_$  => system named SEP.DataListener init success .. 
[INFO] (bakerstreet-club/logs.logMsg:91) [2017-07-01 13:28:09 CST]:$_$  => system named SEP.DataListener init success .. 
[INFO] (bakerstreet-club/logs.logMsg:91) [2017-07-01 13:29:06 CST]:$_$  => system named SEP.DataListener init success .. 
[INFO] (bakerstreet-club/logs.logMsg:91) [2017-07-01 13:35:44 CST]:$_$  => system named SEP.DataListener init success .. 
[INFO] (bakerstreet-club/logs.logMsg:91) [2017-07-01 13:37:13 CST]:$_$  => system named SEP.DataListener init success .. 
[INFO] (bakerstreet-club/logs.logMsg:91) [2017-07-01 13:55:10 CST]:$_$  => system named SEP.DataListener init success .. 
[INFO] (bakerstreet-club/logs.logMsg:91) [2017-07-01 13:55:43 CST]:$_$  => system named SEP.DataListener init success .. 
[INFO] (bakerstreet-club/logs.logMsg:91) [2017-07-01 13:55:56 CST]:$_$  => system named SEP.DataListener init success .. 
[INFO] (bakerstreet-club/logs.logMsg:91) [2017-07-01 14:00:56 CST]:$_$  => system named SEP.DataListener init success .. 
[INFO] (bakerstreet-club/logs.logMsg:91) [2017-07-01 14:01:45 CST]:$_$  => system named SEP.DataListener init success .. 
[INFO] (bakerstreet-club/logs.logMsg:91) [2017-07-01 14:10:23 CST]:$_$  => system named SEP.DataListener init success .. 
[INFO] (bakerstreet-club/logs.logMsg:91) [2017-07-01 14:11:53 CST]:$_$  => system named SEP.DataListener init success .. 
[INFO] (bakerstreet-club/logs.logMsg:91) [2017-07-01 14:12:10 CST]:$_$  => system named SEP.DataListener init success .. 
[INFO] (bakerstreet-club/logs.logMsg:91) [2017-07-01 14:24:53 CST]:$_$  => system named SEP.DataListener init success .. 
[INFO] (bakerstreet-club/logs.logMsg:91) [2017-07-01 14:25:27 CST]:$_$  => system named SEP.DataListener init success .. 
[INFO] (bakerstreet-club/logs.logMsg:91) [2017-07-01 14:26:05 CST]:$_$  => system named SEP.DataListener init success .. 
[INFO] (bakerstreet-club/logs.logMsg:91) [2017-07-01 14:46:27 CST]:$_$  => system named SEP.DataListener init success .. 
[INFO] (bakerstreet-club/logs.logMsg:91) [2017-07-01 14:49:44 CST]:$_$  => system named SEP.DataListener init success .. 
[INFO] (bakerstreet-club/logs.logMsg:91) [2017-07-01 14:50:19 CST]:$_$  => system named SEP.DataListener init success .. 
[INFO] (bakerstreet-club/logs.logMsg:91) [2017-07-01 14:51:23 CST]:$_$  => system named SEP.DataListener init success .. 
[INFO] (bakerstreet-club/logs.logMsg:91) [2017-07-01 14:51:49 CST]:$_$  => system named SEP.DataListener init success .. 
[INFO] (bakerstreet-club/logs.logMsg:91) [2017-07-01 14:52:42 CST]:$_$  => system named SEP.DataListener init success .. 
[INFO] (bakerstreet-club/logs.logMsg:91) [2017-07-01 14:53:02 CST]:$_$  => system named SEP.DataListener init success .. 
[INFO] (bakerstreet-club/logs.logMsg:91) [2017-07-01 14:53:24 CST]:$_$  => system named SEP.DataListener init success .. 
[INFO] (bakerstreet-club/logs.logMsg:91) [2017-07-01 14:54:20 CST]:$_$  => system named SEP.DataListener init success .. 
[INFO] (bakerstreet-club/logs.logMsg:91) [2017-07-01 15:01:13 CST]:$_$  => system named SEP.DataListener init success .. 
[INFO] (bakerstreet-club/logs.logMsg:91) [2017-07-01 15:03:01 CST]:$_$  => system named SEP.DataListener init success .. 
[INFO] (bakerstreet-club/logs.logMsg:91) [2017-07-01 15:03:47 CST]:$_$  => system named SEP.DataListener init success .. 
[INFO] (bakerstreet-club/logs.logMsg:91) [2017-07-01 15:06:59 CST]:$_$  => system named SEP.DataListener init success .. 
[INFO] (bakerstreet-club/logs.logMsg:91) [2017-07-01 15:23:27 CST]:$_$  => system named SEP.DataListener init success .. 
[INFO] (bakerstreet-club/logs.logMsg:91) [2017-07-01 15:25:16 CST]:$_$  => system named SEP.DataListener init success .. 
[INFO] (bakerstreet-club/logs.logMsg:91) [2017-07-01 15:28:43 CST]:$_$  => system named SEP.DataListener init success .. 
[INFO] (bakerstreet-club/logs.logMsg:91) [2017-07-01 15:45:28 CST]:$_$  => system named SEP.DataListener init success .. 
[INFO] (bakerstreet-club/logs.logMsg:91) [2017-07-01 16:08:50 CST]:$_$  => system named SEP.DataListener init success .. 
[EROR] (bakerstreet-club/logs.logMsg:93) [2017-07-01 16:08:50 CST]:*_* http: read on closed response body
[EROR] (bakerstreet-club/logs.logMsg:93) [2017-07-01 16:08:50 CST]:*_* http: read on closed response body
[INFO] (bakerstreet-club/logs.logMsg:91) [2017-07-01 16:09:29 CST]:$_$  => system named SEP.DataListener init success .. 
[EROR] (bakerstreet-club/logs.logMsg:93) [2017-07-01 16:09:29 CST]:*_* http: read on closed response body
[EROR] (bakerstreet-club/logs.logMsg:93) [2017-07-01 16:09:29 CST]:*_* http: read on closed response body
[INFO] (bakerstreet-club/logs.logMsg:91) [2017-07-01 16:09:49 CST]:$_$  => system named SEP.DataListener init success .. 
[EROR] (bakerstreet-club/logs.logMsg:93) [2017-07-01 16:09:50 CST]:*_* http: read on closed response body
[EROR] (bakerstreet-club/logs.logMsg:93) [2017-07-01 16:09:50 CST]:*_* http: read on closed response body
[INFO] (bakerstreet-club/logs.logMsg:91) [2017-07-01 16:10:28 CST]:$_$  => system named SEP.DataListener init success .. 
[EROR] (bakerstreet-club/logs.logMsg:93) [2017-07-01 16:10:29 CST]:*_* http: read on closed response body
[EROR] (bakerstreet-club/logs.logMsg:93) [2017-07-01 16:10:29 CST]:*_* http: read on closed response body
[INFO] (bakerstreet-club/logs.logMsg:91) [2017-07-01 16:10:41 CST]:$_$  => system named SEP.DataListener init success .. 
[EROR] (bakerstreet-club/logs.logMsg:93) [2017-07-01 16:10:42 CST]:*_* http: read on closed response body
[EROR] (bakerstreet-club/logs.logMsg:93) [2017-07-01 16:10:42 CST]:*_* http: read on closed response body
[INFO] (bakerstreet-club/logs.logMsg:91) [2017-07-01 16:11:17 CST]:$_$  => system named SEP.DataListener init success .. 
[EROR] (bakerstreet-club/logs.logMsg:93) [2017-07-01 16:11:19 CST]:*_* http: read on closed response body
[EROR] (bakerstreet-club/logs.logMsg:93) [2017-07-01 16:11:19 CST]:*_* http: read on closed response body
[INFO] (bakerstreet-club/logs.logMsg:91) [2017-07-01 16:12:35 CST]:$_$  => system named SEP.DataListener init success .. 
[EROR] (bakerstreet-club/logs.logMsg:93) [2017-07-01 16:12:39 CST]:*_* http: read on closed response body
[INFO] (bakerstreet-club/logs.logMsg:91) [2017-07-01 16:14:40 CST]:$_$  => system named SEP.DataListener init success .. 
[EROR] (bakerstreet-club/logs.logMsg:93) [2017-07-01 16:14:41 CST]:*_* http: read on closed response body
[INFO] (bakerstreet-club/logs.logMsg:91) [2017-07-01 16:15:15 CST]:$_$  => system named SEP.DataListener init success .. 
[EROR] (bakerstreet-club/logs.logMsg:93) [2017-07-01 16:15:15 CST]:*_* http: read on closed response body
[INFO] (bakerstreet-club/logs.logMsg:91) [2017-07-01 16:15:35 CST]:$_$  => system named SEP.DataListener init success .. 
[EROR] (bakerstreet-club/logs.logMsg:93) [2017-07-01 16:15:39 CST]:*_* http: read on closed response body
[INFO] (bakerstreet-club/logs.logMsg:91) [2017-07-01 16:15:55 CST]:$_$  => system named SEP.DataListener init success .. 
[EROR] (bakerstreet-club/logs.logMsg:93) [2017-07-01 16:15:55 CST]:*_* http: read on closed response body
[INFO] (bakerstreet-club/logs.logMsg:91) [2017-07-01 16:16:31 CST]:$_$  => system named SEP.DataListener init success .. 
[EROR] (bakerstreet-club/logs.logMsg:93) [2017-07-01 16:16:36 CST]:*_* http: read on closed response body
[INFO] (bakerstreet-club/logs.logMsg:91) [2017-07-01 16:25:22 CST]:$_$  => system named SEP.DataListener init success .. 
[INFO] (bakerstreet-club/logs.logMsg:91) [2017-07-01 16:26:01 CST]:$_$  => system named SEP.DataListener init success .. 
[INFO] (bakerstreet-club/logs.logMsg:91) [2017-07-01 16:26:48 CST]:$_$  => system named SEP.DataListener init success .. 
[INFO] (bakerstreet-club/logs.logMsg:91) [2017-07-01 16:27:13 CST]:$_$  => system named SEP.DataListener init success .. 
[INFO] (bakerstreet-club/logs.logMsg:91) [2017-07-01 16:27:46 CST]:$_$  => system named SEP.DataListener init success .. 
[INFO] (bakerstreet-club/logs.logMsg:91) [2017-07-01 16:28:19 CST]:$_$  => system named SEP.DataListener init success .. 
[INFO] (bakerstreet-club/logs.logMsg:91) [2017-07-01 16:29:21 CST]:$_$  => system named SEP.DataListener init success .. 
[INFO] (bakerstreet-club/logs.logMsg:91) [2017-07-01 16:30:10 CST]:$_$  => system named SEP.DataListener init success .. 
[INFO] (bakerstreet-club/logs.logMsg:91) [2017-07-01 16:30:35 CST]:$_$  => system named SEP.DataListener init success .. 
[INFO] (bakerstreet-club/logs.logMsg:91) [2017-07-01 16:30:48 CST]:$_$  => system named SEP.DataListener init success .. 
[INFO] (bakerstreet-club/logs.logMsg:91) [2017-07-01 16:30:58 CST]:$_$  => system named SEP.DataListener init success .. 
[INFO] (bakerstreet-club/logs.logMsg:91) [2017-07-01 16:31:26 CST]:$_$  => system named SEP.DataListener init success .. 
[INFO] (bakerstreet-club/logs.logMsg:91) [2017-07-01 16:34:07 CST]:$_$  => system named SEP.DataListener init success .. 
[INFO] (bakerstreet-club/logs.logMsg:91) [2017-07-01 16:35:24 CST]:$_$  => system named SEP.DataListener init success .. 
[INFO] (bakerstreet-club/logs.logMsg:91) [2017-07-01 16:36:59 CST]:$_$  => system named SEP.DataListener init success .. 
[INFO] (bakerstreet-club/logs.logMsg:91) [2017-07-01 16:38:56 CST]:$_$  => system named SEP.DataListener init success .. 
[INFO] (bakerstreet-club/logs.logMsg:91) [2017-07-01 16:50:49 CST]:$_$  => system named SEP.DataListener init success .. 
[INFO] (bakerstreet-club/logs.logMsg:91) [2017-07-01 16:51:12 CST]:$_$  => system named SEP.DataListener init success .. 
[INFO] (bakerstreet-club/logs.logMsg:91) [2017-07-01 16:52:21 CST]:$_$  => system named SEP.DataListener init success .. 
[INFO] (bakerstreet-club/logs.logMsg:91) [2017-07-01 16:52:59 CST]:$_$  => system named SEP.DataListener init success .. 
[INFO] (bakerstreet-club/logs.logMsg:91) [2017-07-01 16:53:26 CST]:$_$  => system named SEP.DataListener init success .. 
[INFO] (bakerstreet-club/logs.logMsg:91) [2017-07-01 17:55:41 CST]:$_$  => system named SEP.DataListener init success .. 
[INFO] (bakerstreet-club/logs.logMsg:91) [2017-07-01 17:56:30 CST]:$_$  => system named SEP.DataListener init success .. 
[INFO] (bakerstreet-club/logs.logMsg:91) [2017-07-01 18:17:09 CST]:$_$  => system named SEP.DataListener init success .. 
[INFO] (bakerstreet-club/logs.logMsg:91) [2017-07-01 18:18:15 CST]:$_$  => system named SEP.DataListener init success .. 
[INFO] (bakerstreet-club/logs.logMsg:91) [2017-07-01 18:18:50 CST]:$_$  => system named SEP.DataListener init success .. 
[INFO] (bakerstreet-club/logs.logMsg:91) [2017-07-01 20:12:28 CST]:$_$  => system named SEP.DataListener init success .. 
[INFO] (bakerstreet-club/logs.logMsg:91) [2017-07-01 20:13:50 CST]:$_$  => system named SEP.DataListener init success .. 
[INFO] (bakerstreet-club/logs.logMsg:91) [2017-07-01 20:17:07 CST]:$_$  => system named SEP.DataListener init success .. 
[INFO] (bakerstreet-club/logs.logMsg:91) [2017-07-01 20:21:42 CST]:$_$  => system named SEP.DataListener init success .. 
[INFO] (bakerstreet-club/logs.logMsg:91) [2017-07-01 20:25:48 CST]:$_$  => system named SEP.DataListener init success .. 
[INFO] (bakerstreet-club/logs.logMsg:91) [2017-07-01 20:28:09 CST]:$_$  => system named SEP.DataListener init success .. 
[EROR] (bakerstreet-club/logs.logMsg:93) [2017-07-03 08:27:02 CST]:*_* Response is nil
[EROR] (bakerstreet-club/logs.logMsg:93) [2017-07-03 08:33:08 CST]:*_* Response is nil
[INFO] (bakerstreet-club/logs.logMsg:91) [2017-07-03 08:34:09 CST]:$_$  => system named SEP.DataListener init success .. 
[EROR] (bakerstreet-club/logs.logMsg:93) [2017-07-03 08:34:09 CST]:*_* Response is nil
[INFO] (bakerstreet-club/logs.logMsg:91) [2017-07-03 08:34:33 CST]:$_$  => system named SEP.DataListener init success .. 
[EROR] (bakerstreet-club/logs.logMsg:93) [2017-07-03 08:34:33 CST]:*_* Response is nil
[INFO] (bakerstreet-club/logs.logMsg:91) [2017-07-03 08:35:16 CST]:$_$  => system named SEP.DataListener init success .. 
[EROR] (bakerstreet-club/logs.logMsg:93) [2017-07-03 08:35:18 CST]:*_* open 第五医院信息表.xlsx: The process cannot access the file because it is being used by another process.
[INFO] (bakerstreet-club/logs.logMsg:91) [2017-07-03 13:38:24 CST]:$_$  => system named SEP.DataListener init success .. 
[EROR] (bakerstreet-club/logs.logMsg:93) [2017-07-03 17:16:21 CST]:*_* open $owns/bakerstreet-club.ini: The system cannot find the path specified.
[EROR] (bakerstreet-club/logs.logMsg:93) [2017-07-03 17:20:05 CST]:*_* open $owns/bakerstreet-club.ini: The system cannot find the path specified.
[EROR] (bakerstreet-club/logs.logMsg:93) [2017-07-03 17:21:39 CST]:*_* open $owns/bakerstreet-club.ini: The system cannot find the path specified.
[EROR] (bakerstreet-club/logs.logMsg:93) [2017-07-03 17:22:14 CST]:*_* open $owns/bakerstreet-club.ini: The system cannot find the path specified.
[EROR] (bakerstreet-club/logs.logMsg:93) [2017-07-03 17:23:45 CST]:*_* open $owns/bakerstreet-club.ini: The system cannot find the path specified.
[EROR] (bakerstreet-club/logs.logMsg:93) [2017-07-03 17:30:11 CST]:*_* open $owns/bakerstreet-club.ini: The system cannot find the path specified.
[EROR] (bakerstreet-club/logs.logMsg:93) [2017-07-03 17:43:09 CST]:*_* open $owns/bakerstreet-club.ini: The system cannot find the path specified.
[INFO] (bakerstreet-club/logs.logMsg:91) [2017-07-03 17:43:57 CST]:$_$  => system named SEP.DataListener init success .. 
[EROR] (bakerstreet-club/logs.logMsg:93) [2017-07-03 17:44:00 CST]:*_* pq: 关系 "sys_base_users" 不存在
[INFO] (bakerstreet-club/logs.logMsg:91) [2017-07-03 17:45:51 CST]:$_$  => system named SEP.DataListener init success .. 
[EROR] (bakerstreet-club/logs.logMsg:93) [2017-07-03 17:45:53 CST]:*_* pq: 关系 "sys_base_users" 不存在
[INFO] (bakerstreet-club/logs.logMsg:91) [2017-07-03 17:46:29 CST]:$_$  => system named SEP.DataListener init success .. 
[EROR] (bakerstreet-club/logs.logMsg:93) [2017-07-03 17:46:31 CST]:*_* pq: 关系 "five.number" 不存在
[INFO] (bakerstreet-club/logs.logMsg:91) [2017-07-03 17:51:28 CST]:$_$  => system named SEP.DataListener init success .. 
[EROR] (bakerstreet-club/logs.logMsg:93) [2017-07-03 17:51:31 CST]:*_* pq: 无效的 "UTF8" 编码字节顺序: 0xe6 0x9c
[EROR] (bakerstreet-club/logs.logMsg:93) [2017-07-03 17:51:31 CST]:*_* pq: 无效的 "UTF8" 编码字节顺序: 0xe6 0x9c
[EROR] (bakerstreet-club/logs.logMsg:93) [2017-07-03 17:51:31 CST]:*_* pq: 无效的 "UTF8" 编码字节顺序: 0xe6 0x9c
[EROR] (bakerstreet-club/logs.logMsg:93) [2017-07-03 17:51:31 CST]:*_* pq: 无效的 "UTF8" 编码字节顺序: 0xe4 0xb8
[EROR] (bakerstreet-club/logs.logMsg:93) [2017-07-03 17:51:31 CST]:*_* pq: 无效的 "UTF8" 编码字节顺序: 0xe6 0x9c
[EROR] (bakerstreet-club/logs.logMsg:93) [2017-07-03 17:51:31 CST]:*_* pq: 无效的 "UTF8" 编码字节顺序: 0xe6 0x9c
[EROR] (bakerstreet-club/logs.logMsg:93) [2017-07-03 17:51:31 CST]:*_* pq: 无效的 "UTF8" 编码字节顺序: 0xe6 0x9c
[EROR] (bakerstreet-club/logs.logMsg:93) [2017-07-03 17:51:32 CST]:*_* pq: 无效的 "UTF8" 编码字节顺序: 0xe6 0x9c
[EROR] (bakerstreet-club/logs.logMsg:93) [2017-07-03 17:51:32 CST]:*_* pq: 无效的 "UTF8" 编码字节顺序: 0xe6 0x9c
[EROR] (bakerstreet-club/logs.logMsg:93) [2017-07-03 17:51:32 CST]:*_* pq: 无效的 "UTF8" 编码字节顺序: 0xe6 0x9c
[EROR] (bakerstreet-club/logs.logMsg:93) [2017-07-03 17:51:32 CST]:*_* pq: 无效的 "UTF8" 编码字节顺序: 0xe4 0xb8
[EROR] (bakerstreet-club/logs.logMsg:93) [2017-07-03 17:51:32 CST]:*_* pq: 无效的 "UTF8" 编码字节顺序: 0xac
[EROR] (bakerstreet-club/logs.logMsg:93) [2017-07-03 17:51:32 CST]:*_* pq: 无效的 "UTF8" 编码字节顺序: 0xe4 0xb8
[EROR] (bakerstreet-club/logs.logMsg:93) [2017-07-03 17:51:32 CST]:*_* pq: 无效的 "UTF8" 编码字节顺序: 0xe6 0x9c
[EROR] (bakerstreet-club/logs.logMsg:93) [2017-07-03 17:51:32 CST]:*_* pq: 无效的 "UTF8" 编码字节顺序: 0xe4 0xb8
[EROR] (bakerstreet-club/logs.logMsg:93) [2017-07-03 17:51:32 CST]:*_* pq: 无效的 "UTF8" 编码字节顺序: 0xe6 0x9c
[EROR] (bakerstreet-club/logs.logMsg:93) [2017-07-03 17:51:32 CST]:*_* pq: 无效的 "UTF8" 编码字节顺序: 0xe4 0xb8
[EROR] (bakerstreet-club/logs.logMsg:93) [2017-07-03 17:51:33 CST]:*_* pq: 无效的 "UTF8" 编码字节顺序: 0xe6 0x9c
[EROR] (bakerstreet-club/logs.logMsg:93) [2017-07-03 17:51:33 CST]:*_* pq: 无效的 "UTF8" 编码字节顺序: 0xe4 0xb8
[EROR] (bakerstreet-club/logs.logMsg:93) [2017-07-03 17:51:33 CST]:*_* pq: 无效的 "UTF8" 编码字节顺序: 0xac
[EROR] (bakerstreet-club/logs.logMsg:93) [2017-07-03 17:51:33 CST]:*_* pq: 无效的 "UTF8" 编码字节顺序: 0xe6 0x9c
[EROR] (bakerstreet-club/logs.logMsg:93) [2017-07-03 17:51:33 CST]:*_* pq: 无效的 "UTF8" 编码字节顺序: 0xe4 0xb8
[EROR] (bakerstreet-club/logs.logMsg:93) [2017-07-03 17:51:33 CST]:*_* pq: 无效的 "UTF8" 编码字节顺序: 0xe6 0x9c
[EROR] (bakerstreet-club/logs.logMsg:93) [2017-07-03 17:51:33 CST]:*_* pq: 无效的 "UTF8" 编码字节顺序: 0xe6 0x9c
[EROR] (bakerstreet-club/logs.logMsg:93) [2017-07-03 17:51:33 CST]:*_* pq: 无效的 "UTF8" 编码字节顺序: 0xe6 0x9c
[EROR] (bakerstreet-club/logs.logMsg:93) [2017-07-03 17:51:34 CST]:*_* pq: 无效的 "UTF8" 编码字节顺序: 0xe4 0xb8
[EROR] (bakerstreet-club/logs.logMsg:93) [2017-07-03 17:51:34 CST]:*_* pq: 无效的 "UTF8" 编码字节顺序: 0xac
[EROR] (bakerstreet-club/logs.logMsg:93) [2017-07-03 17:51:34 CST]:*_* pq: 无效的 "UTF8" 编码字节顺序: 0xe6 0x9c
[EROR] (bakerstreet-club/logs.logMsg:93) [2017-07-03 17:51:34 CST]:*_* pq: 无效的 "UTF8" 编码字节顺序: 0xe6 0x9c
[EROR] (bakerstreet-club/logs.logMsg:93) [2017-07-03 17:51:34 CST]:*_* pq: 无效的 "UTF8" 编码字节顺序: 0xe6 0x9c
[EROR] (bakerstreet-club/logs.logMsg:93) [2017-07-03 17:51:34 CST]:*_* pq: 无效的 "UTF8" 编码字节顺序: 0xe6 0x9c
[EROR] (bakerstreet-club/logs.logMsg:93) [2017-07-03 17:51:34 CST]:*_* pq: 无效的 "UTF8" 编码字节顺序: 0xe6 0x9c
[EROR] (bakerstreet-club/logs.logMsg:93) [2017-07-03 17:51:34 CST]:*_* pq: 无效的 "UTF8" 编码字节顺序: 0xe4 0xb8
[EROR] (bakerstreet-club/logs.logMsg:93) [2017-07-03 17:51:34 CST]:*_* pq: 无效的 "UTF8" 编码字节顺序: 0xe6 0x9c
[EROR] (bakerstreet-club/logs.logMsg:93) [2017-07-03 17:51:34 CST]:*_* pq: 无效的 "UTF8" 编码字节顺序: 0xe4 0xb8
[EROR] (bakerstreet-club/logs.logMsg:93) [2017-07-03 17:51:35 CST]:*_* pq: 无效的 "UTF8" 编码字节顺序: 0xe6 0x9c
[EROR] (bakerstreet-club/logs.logMsg:93) [2017-07-03 17:51:35 CST]:*_* pq: 无效的 "UTF8" 编码字节顺序: 0xe4 0xb8
[EROR] (bakerstreet-club/logs.logMsg:93) [2017-07-03 17:51:35 CST]:*_* pq: 无效的 "UTF8" 编码字节顺序: 0xe6 0x9c
[EROR] (bakerstreet-club/logs.logMsg:93) [2017-07-03 17:51:35 CST]:*_* pq: 无效的 "UTF8" 编码字节顺序: 0xe6 0x9c
[EROR] (bakerstreet-club/logs.logMsg:93) [2017-07-03 17:51:35 CST]:*_* pq: 无效的 "UTF8" 编码字节顺序: 0xac
[EROR] (bakerstreet-club/logs.logMsg:93) [2017-07-03 17:51:35 CST]:*_* pq: 无效的 "UTF8" 编码字节顺序: 0xe4 0xb8
[EROR] (bakerstreet-club/logs.logMsg:93) [2017-07-03 17:51:35 CST]:*_* pq: 无效的 "UTF8" 编码字节顺序: 0xe6 0x9c
[EROR] (bakerstreet-club/logs.logMsg:93) [2017-07-03 17:51:35 CST]:*_* pq: 无效的 "UTF8" 编码字节顺序: 0xe6 0x9c
[EROR] (bakerstreet-club/logs.logMsg:93) [2017-07-03 17:51:35 CST]:*_* pq: 无效的 "UTF8" 编码字节顺序: 0xe4 0xb8
[EROR] (bakerstreet-club/logs.logMsg:93) [2017-07-03 17:51:36 CST]:*_* pq: 无效的 "UTF8" 编码字节顺序: 0xe6 0x9c
[EROR] (bakerstreet-club/logs.logMsg:93) [2017-07-03 17:51:36 CST]:*_* pq: 无效的 "UTF8" 编码字节顺序: 0xe6 0x9c
[EROR] (bakerstreet-club/logs.logMsg:93) [2017-07-03 17:51:36 CST]:*_* pq: 无效的 "UTF8" 编码字节顺序: 0xe6 0x9c
[EROR] (bakerstreet-club/logs.logMsg:93) [2017-07-03 17:51:36 CST]:*_* pq: 无效的 "UTF8" 编码字节顺序: 0xe6 0x9c
[EROR] (bakerstreet-club/logs.logMsg:93) [2017-07-03 17:51:36 CST]:*_* pq: 无效的 "UTF8" 编码字节顺序: 0xe6 0x9c
[EROR] (bakerstreet-club/logs.logMsg:93) [2017-07-03 17:51:36 CST]:*_* pq: 无效的 "UTF8" 编码字节顺序: 0xac
[EROR] (bakerstreet-club/logs.logMsg:93) [2017-07-03 17:51:36 CST]:*_* pq: 无效的 "UTF8" 编码字节顺序: 0xe6 0x9c
[EROR] (bakerstreet-club/logs.logMsg:93) [2017-07-03 17:51:36 CST]:*_* pq: 无效的 "UTF8" 编码字节顺序: 0xe6 0x9c
[EROR] (bakerstreet-club/logs.logMsg:93) [2017-07-03 17:51:36 CST]:*_* pq: 无效的 "UTF8" 编码字节顺序: 0xe4 0xb8
[EROR] (bakerstreet-club/logs.logMsg:93) [2017-07-03 17:51:37 CST]:*_* pq: 无效的 "UTF8" 编码字节顺序: 0xac
[EROR] (bakerstreet-club/logs.logMsg:93) [2017-07-03 17:51:37 CST]:*_* pq: 无效的 "UTF8" 编码字节顺序: 0xe6 0x9c
[EROR] (bakerstreet-club/logs.logMsg:93) [2017-07-03 17:51:37 CST]:*_* pq: 无效的 "UTF8" 编码字节顺序: 0xe6 0x9c
[EROR] (bakerstreet-club/logs.logMsg:93) [2017-07-03 17:51:37 CST]:*_* pq: 无效的 "UTF8" 编码字节顺序: 0xe6 0x9c
[EROR] (bakerstreet-club/logs.logMsg:93) [2017-07-03 17:51:37 CST]:*_* pq: 无效的 "UTF8" 编码字节顺序: 0xe6 0x9c
[EROR] (bakerstreet-club/logs.logMsg:93) [2017-07-03 17:51:37 CST]:*_* pq: 无效的 "UTF8" 编码字节顺序: 0xe6 0x9c
[EROR] (bakerstreet-club/logs.logMsg:93) [2017-07-03 17:51:37 CST]:*_* pq: 无效的 "UTF8" 编码字节顺序: 0xe6 0x9c
[EROR] (bakerstreet-club/logs.logMsg:93) [2017-07-03 17:51:37 CST]:*_* pq: 无效的 "UTF8" 编码字节顺序: 0xe6 0x9c
[EROR] (bakerstreet-club/logs.logMsg:93) [2017-07-03 17:51:37 CST]:*_* pq: 无效的 "UTF8" 编码字节顺序: 0xe6 0x9c
[EROR] (bakerstreet-club/logs.logMsg:93) [2017-07-03 17:51:38 CST]:*_* pq: 无效的 "UTF8" 编码字节顺序: 0xe4 0xb8
[EROR] (bakerstreet-club/logs.logMsg:93) [2017-07-03 17:51:38 CST]:*_* pq: 无效的 "UTF8" 编码字节顺序: 0xe6 0x9c
[EROR] (bakerstreet-club/logs.logMsg:93) [2017-07-03 17:51:38 CST]:*_* pq: 无效的 "UTF8" 编码字节顺序: 0x8b
[EROR] (bakerstreet-club/logs.logMsg:93) [2017-07-03 17:51:38 CST]:*_* pq: 无效的 "UTF8" 编码字节顺序: 0xac
[EROR] (bakerstreet-club/logs.logMsg:93) [2017-07-03 17:51:38 CST]:*_* pq: 无效的 "UTF8" 编码字节顺序: 0xe6 0x9c
[EROR] (bakerstreet-club/logs.logMsg:93) [2017-07-03 17:51:38 CST]:*_* pq: 无效的 "UTF8" 编码字节顺序: 0xe4 0xb8
[EROR] (bakerstreet-club/logs.logMsg:93) [2017-07-03 17:51:38 CST]:*_* pq: 无效的 "UTF8" 编码字节顺序: 0xac
[EROR] (bakerstreet-club/logs.logMsg:93) [2017-07-03 17:51:38 CST]:*_* pq: 无效的 "UTF8" 编码字节顺序: 0xe6 0x9c
[EROR] (bakerstreet-club/logs.logMsg:93) [2017-07-03 17:51:38 CST]:*_* pq: 无效的 "UTF8" 编码字节顺序: 0xac
[EROR] (bakerstreet-club/logs.logMsg:93) [2017-07-03 17:51:38 CST]:*_* pq: 无效的 "UTF8" 编码字节顺序: 0xe6 0x9c
[EROR] (bakerstreet-club/logs.logMsg:93) [2017-07-03 17:51:39 CST]:*_* pq: 无效的 "UTF8" 编码字节顺序: 0xe6 0x9c
[EROR] (bakerstreet-club/logs.logMsg:93) [2017-07-03 17:51:39 CST]:*_* pq: 无效的 "UTF8" 编码字节顺序: 0xe6 0x9c
[EROR] (bakerstreet-club/logs.logMsg:93) [2017-07-03 17:51:39 CST]:*_* pq: 无效的 "UTF8" 编码字节顺序: 0xe6 0x9c
[EROR] (bakerstreet-club/logs.logMsg:93) [2017-07-03 17:51:39 CST]:*_* pq: 无效的 "UTF8" 编码字节顺序: 0xac
[EROR] (bakerstreet-club/logs.logMsg:93) [2017-07-03 17:51:39 CST]:*_* pq: 无效的 "UTF8" 编码字节顺序: 0xe6 0x9c
[EROR] (bakerstreet-club/logs.logMsg:93) [2017-07-03 17:51:39 CST]:*_* pq: 无效的 "UTF8" 编码字节顺序: 0xac
[EROR] (bakerstreet-club/logs.logMsg:93) [2017-07-03 17:51:39 CST]:*_* pq: 无效的 "UTF8" 编码字节顺序: 0xe6 0x9c
[EROR] (bakerstreet-club/logs.logMsg:93) [2017-07-03 17:51:39 CST]:*_* pq: 无效的 "UTF8" 编码字节顺序: 0xe6 0x9c
[EROR] (bakerstreet-club/logs.logMsg:93) [2017-07-03 17:51:39 CST]:*_* pq: 无效的 "UTF8" 编码字节顺序: 0xe6 0x9c
[EROR] (bakerstreet-club/logs.logMsg:93) [2017-07-03 17:51:40 CST]:*_* pq: 无效的 "UTF8" 编码字节顺序: 0xe4 0xb8
[EROR] (bakerstreet-club/logs.logMsg:93) [2017-07-03 17:51:40 CST]:*_* pq: 无效的 "UTF8" 编码字节顺序: 0xe6 0x9c
[EROR] (bakerstreet-club/logs.logMsg:93) [2017-07-03 17:51:40 CST]:*_* pq: 无效的 "UTF8" 编码字节顺序: 0xe6 0x9c
[EROR] (bakerstreet-club/logs.logMsg:93) [2017-07-03 17:51:40 CST]:*_* pq: 无效的 "UTF8" 编码字节顺序: 0xe6 0x9c
[EROR] (bakerstreet-club/logs.logMsg:93) [2017-07-03 17:51:40 CST]:*_* pq: 无效的 "UTF8" 编码字节顺序: 0xe6 0x9c
[EROR] (bakerstreet-club/logs.logMsg:93) [2017-07-03 17:51:40 CST]:*_* pq: 无效的 "UTF8" 编码字节顺序: 0xac
[EROR] (bakerstreet-club/logs.logMsg:93) [2017-07-03 17:51:40 CST]:*_* pq: 无效的 "UTF8" 编码字节顺序: 0xe6 0x9c
[EROR] (bakerstreet-club/logs.logMsg:93) [2017-07-03 17:51:40 CST]:*_* pq: 无效的 "UTF8" 编码字节顺序: 0xe4 0xb8
[EROR] (bakerstreet-club/logs.logMsg:93) [2017-07-03 17:51:40 CST]:*_* pq: 无效的 "UTF8" 编码字节顺序: 0xe6 0x9c
[EROR] (bakerstreet-club/logs.logMsg:93) [2017-07-03 17:51:41 CST]:*_* pq: 无效的 "UTF8" 编码字节顺序: 0xac
[EROR] (bakerstreet-club/logs.logMsg:93) [2017-07-03 17:51:41 CST]:*_* pq: 无效的 "UTF8" 编码字节顺序: 0xe6 0x9c
[EROR] (bakerstreet-club/logs.logMsg:93) [2017-07-03 17:51:41 CST]:*_* pq: 无效的 "UTF8" 编码字节顺序: 0xac
[EROR] (bakerstreet-club/logs.logMsg:93) [2017-07-03 17:51:41 CST]:*_* pq: 无效的 "UTF8" 编码字节顺序: 0xe6 0x9c
[EROR] (bakerstreet-club/logs.logMsg:93) [2017-07-03 17:51:41 CST]:*_* pq: 无效的 "UTF8" 编码字节顺序: 0xe6 0x9c
[EROR] (bakerstreet-club/logs.logMsg:93) [2017-07-03 17:51:41 CST]:*_* pq: 无效的 "UTF8" 编码字节顺序: 0xe4 0xb8
[EROR] (bakerstreet-club/logs.logMsg:93) [2017-07-03 17:51:41 CST]:*_* pq: 无效的 "UTF8" 编码字节顺序: 0xe6 0x9c
[EROR] (bakerstreet-club/logs.logMsg:93) [2017-07-03 17:51:41 CST]:*_* pq: 无效的 "UTF8" 编码字节顺序: 0xe6 0x9c
[EROR] (bakerstreet-club/logs.logMsg:93) [2017-07-03 17:51:41 CST]:*_* pq: 无效的 "UTF8" 编码字节顺序: 0xe6 0x9c
[EROR] (bakerstreet-club/logs.logMsg:93) [2017-07-03 17:51:41 CST]:*_* pq: 无效的 "UTF8" 编码字节顺序: 0xac
[EROR] (bakerstreet-club/logs.logMsg:93) [2017-07-03 17:51:42 CST]:*_* pq: 无效的 "UTF8" 编码字节顺序: 0xe6 0x9c
[EROR] (bakerstreet-club/logs.logMsg:93) [2017-07-03 17:51:42 CST]:*_* pq: 无效的 "UTF8" 编码字节顺序: 0xe6 0x9c
[EROR] (bakerstreet-club/logs.logMsg:93) [2017-07-03 17:51:42 CST]:*_* pq: 无效的 "UTF8" 编码字节顺序: 0xe4 0xb8
[EROR] (bakerstreet-club/logs.logMsg:93) [2017-07-03 17:51:42 CST]:*_* pq: 无效的 "UTF8" 编码字节顺序: 0xe6 0x9c
[EROR] (bakerstreet-club/logs.logMsg:93) [2017-07-03 17:51:42 CST]:*_* pq: 无效的 "UTF8" 编码字节顺序: 0xe6 0x9c
[EROR] (bakerstreet-club/logs.logMsg:93) [2017-07-03 17:51:42 CST]:*_* pq: 无效的 "UTF8" 编码字节顺序: 0xe6 0x9c
[EROR] (bakerstreet-club/logs.logMsg:93) [2017-07-03 17:51:42 CST]:*_* pq: 无效的 "UTF8" 编码字节顺序: 0xe6 0x9c
[EROR] (bakerstreet-club/logs.logMsg:93) [2017-07-03 17:51:42 CST]:*_* pq: 无效的 "UTF8" 编码字节顺序: 0xe6 0x9c
[EROR] (bakerstreet-club/logs.logMsg:93) [2017-07-03 17:51:42 CST]:*_* pq: 无效的 "UTF8" 编码字节顺序: 0xe6 0x9c
[EROR] (bakerstreet-club/logs.logMsg:93) [2017-07-03 17:51:43 CST]:*_* pq: 无效的 "UTF8" 编码字节顺序: 0xe6 0x9c
[EROR] (bakerstreet-club/logs.logMsg:93) [2017-07-03 17:51:43 CST]:*_* pq: 无效的 "UTF8" 编码字节顺序: 0xe6 0x9c
[EROR] (bakerstreet-club/logs.logMsg:93) [2017-07-03 17:51:43 CST]:*_* pq: 无效的 "UTF8" 编码字节顺序: 0xac
[EROR] (bakerstreet-club/logs.logMsg:93) [2017-07-03 17:51:43 CST]:*_* pq: 无效的 "UTF8" 编码字节顺序: 0xe6 0x9c
[EROR] (bakerstreet-club/logs.logMsg:93) [2017-07-03 17:51:43 CST]:*_* pq: 无效的 "UTF8" 编码字节顺序: 0xe6 0x9c
[EROR] (bakerstreet-club/logs.logMsg:93) [2017-07-03 17:51:43 CST]:*_* pq: 无效的 "UTF8" 编码字节顺序: 0xe6 0x9c
[EROR] (bakerstreet-club/logs.logMsg:93) [2017-07-03 17:51:43 CST]:*_* pq: 无效的 "UTF8" 编码字节顺序: 0xe4 0xb8
[EROR] (bakerstreet-club/logs.logMsg:93) [2017-07-03 17:51:43 CST]:*_* pq: 无效的 "UTF8" 编码字节顺序: 0xe6 0x9c
[EROR] (bakerstreet-club/logs.logMsg:93) [2017-07-03 17:51:44 CST]:*_* pq: 无效的 "UTF8" 编码字节顺序: 0xe4 0xb8
[EROR] (bakerstreet-club/logs.logMsg:93) [2017-07-03 17:51:44 CST]:*_* pq: 无效的 "UTF8" 编码字节顺序: 0xac
[EROR] (bakerstreet-club/logs.logMsg:93) [2017-07-03 17:51:44 CST]:*_* pq: 无效的 "UTF8" 编码字节顺序: 0xe6 0x9c
[EROR] (bakerstreet-club/logs.logMsg:93) [2017-07-03 17:51:44 CST]:*_* pq: 无效的 "UTF8" 编码字节顺序: 0xe6 0x9c
[EROR] (bakerstreet-club/logs.logMsg:93) [2017-07-03 17:51:44 CST]:*_* pq: 无效的 "UTF8" 编码字节顺序: 0xe6 0x9c
[EROR] (bakerstreet-club/logs.logMsg:93) [2017-07-03 17:51:44 CST]:*_* pq: 无效的 "UTF8" 编码字节顺序: 0xe6 0x9c
[EROR] (bakerstreet-club/logs.logMsg:93) [2017-07-03 17:51:44 CST]:*_* pq: 无效的 "UTF8" 编码字节顺序: 0xac
[EROR] (bakerstreet-club/logs.logMsg:93) [2017-07-03 17:51:44 CST]:*_* pq: 无效的 "UTF8" 编码字节顺序: 0xe4 0xb8
[EROR] (bakerstreet-club/logs.logMsg:93) [2017-07-03 17:51:45 CST]:*_* pq: 无效的 "UTF8" 编码字节顺序: 0xe6 0x9c
[EROR] (bakerstreet-club/logs.logMsg:93) [2017-07-03 17:51:45 CST]:*_* pq: 无效的 "UTF8" 编码字节顺序: 0xe6 0x9c
[EROR] (bakerstreet-club/logs.logMsg:93) [2017-07-03 17:51:45 CST]:*_* pq: 无效的 "UTF8" 编码字节顺序: 0xac
[EROR] (bakerstreet-club/logs.logMsg:93) [2017-07-03 17:51:45 CST]:*_* pq: 无效的 "UTF8" 编码字节顺序: 0xac
[EROR] (bakerstreet-club/logs.logMsg:93) [2017-07-03 17:51:45 CST]:*_* pq: 无效的 "UTF8" 编码字节顺序: 0xe6 0x9c
[EROR] (bakerstreet-club/logs.logMsg:93) [2017-07-03 17:51:45 CST]:*_* pq: 无效的 "UTF8" 编码字节顺序: 0xe6 0x9c
[EROR] (bakerstreet-club/logs.logMsg:93) [2017-07-03 17:51:45 CST]:*_* pq: 无效的 "UTF8" 编码字节顺序: 0xe6 0x9c
[EROR] (bakerstreet-club/logs.logMsg:93) [2017-07-03 17:51:45 CST]:*_* pq: 无效的 "UTF8" 编码字节顺序: 0xe4 0xb8
[EROR] (bakerstreet-club/logs.logMsg:93) [2017-07-03 17:51:46 CST]:*_* pq: 无效的 "UTF8" 编码字节顺序: 0xe6 0x9c
[EROR] (bakerstreet-club/logs.logMsg:93) [2017-07-03 17:51:46 CST]:*_* pq: 无效的 "UTF8" 编码字节顺序: 0xac
[EROR] (bakerstreet-club/logs.logMsg:93) [2017-07-03 17:51:46 CST]:*_* pq: 无效的 "UTF8" 编码字节顺序: 0xe6 0x9c
[EROR] (bakerstreet-club/logs.logMsg:93) [2017-07-03 17:51:46 CST]:*_* pq: 无效的 "UTF8" 编码字节顺序: 0xe6 0x9c
[EROR] (bakerstreet-club/logs.logMsg:93) [2017-07-03 17:51:46 CST]:*_* pq: 无效的 "UTF8" 编码字节顺序: 0xe6 0x9c
[EROR] (bakerstreet-club/logs.logMsg:93) [2017-07-03 17:51:46 CST]:*_* pq: 无效的 "UTF8" 编码字节顺序: 0xe6 0x9c
[EROR] (bakerstreet-club/logs.logMsg:93) [2017-07-03 17:51:46 CST]:*_* pq: 无效的 "UTF8" 编码字节顺序: 0xe4 0xb8
[EROR] (bakerstreet-club/logs.logMsg:93) [2017-07-03 17:51:46 CST]:*_* pq: 无效的 "UTF8" 编码字节顺序: 0xe6 0x9c
[EROR] (bakerstreet-club/logs.logMsg:93) [2017-07-03 17:51:46 CST]:*_* pq: 无效的 "UTF8" 编码字节顺序: 0xe6 0x9c
[EROR] (bakerstreet-club/logs.logMsg:93) [2017-07-03 17:51:47 CST]:*_* pq: 无效的 "UTF8" 编码字节顺序: 0xe6 0x9c
[EROR] (bakerstreet-club/logs.logMsg:93) [2017-07-03 17:51:47 CST]:*_* pq: 无效的 "UTF8" 编码字节顺序: 0xe6 0x9c
[EROR] (bakerstreet-club/logs.logMsg:93) [2017-07-03 17:51:47 CST]:*_* pq: 无效的 "UTF8" 编码字节顺序: 0xe6 0x9c
[EROR] (bakerstreet-club/logs.logMsg:93) [2017-07-03 17:51:47 CST]:*_* pq: 无效的 "UTF8" 编码字节顺序: 0xe6 0x9c
[EROR] (bakerstreet-club/logs.logMsg:93) [2017-07-03 17:51:47 CST]:*_* pq: 无效的 "UTF8" 编码字节顺序: 0xe4 0xb8
[EROR] (bakerstreet-club/logs.logMsg:93) [2017-07-03 17:51:47 CST]:*_* pq: 无效的 "UTF8" 编码字节顺序: 0xe6 0x9c
[EROR] (bakerstreet-club/logs.logMsg:93) [2017-07-03 17:51:47 CST]:*_* pq: 无效的 "UTF8" 编码字节顺序: 0xe6 0x9c
[EROR] (bakerstreet-club/logs.logMsg:93) [2017-07-03 17:51:47 CST]:*_* pq: 无效的 "UTF8" 编码字节顺序: 0xe6 0x9c
[EROR] (bakerstreet-club/logs.logMsg:93) [2017-07-03 17:51:47 CST]:*_* pq: 无效的 "UTF8" 编码字节顺序: 0xe6 0x9c
[EROR] (bakerstreet-club/logs.logMsg:93) [2017-07-03 17:51:48 CST]:*_* pq: 无效的 "UTF8" 编码字节顺序: 0xe6 0x9c
[EROR] (bakerstreet-club/logs.logMsg:93) [2017-07-03 17:51:48 CST]:*_* pq: 无效的 "UTF8" 编码字节顺序: 0xe6 0x9c
[EROR] (bakerstreet-club/logs.logMsg:93) [2017-07-03 17:51:48 CST]:*_* pq: 无效的 "UTF8" 编码字节顺序: 0xe4 0xb8
[EROR] (bakerstreet-club/logs.logMsg:93) [2017-07-03 17:51:48 CST]:*_* pq: 无效的 "UTF8" 编码字节顺序: 0xe6 0x9c
[EROR] (bakerstreet-club/logs.logMsg:93) [2017-07-03 17:51:48 CST]:*_* pq: 无效的 "UTF8" 编码字节顺序: 0xe6 0x9c
[EROR] (bakerstreet-club/logs.logMsg:93) [2017-07-03 17:51:48 CST]:*_* pq: 无效的 "UTF8" 编码字节顺序: 0xe6 0x9c
[EROR] (bakerstreet-club/logs.logMsg:93) [2017-07-03 17:51:48 CST]:*_* pq: 无效的 "UTF8" 编码字节顺序: 0xe6 0x9c
[EROR] (bakerstreet-club/logs.logMsg:93) [2017-07-03 17:51:48 CST]:*_* pq: 无效的 "UTF8" 编码字节顺序: 0xe6 0x9c
[EROR] (bakerstreet-club/logs.logMsg:93) [2017-07-03 17:51:49 CST]:*_* pq: 无效的 "UTF8" 编码字节顺序: 0xe6 0x9c
[EROR] (bakerstreet-club/logs.logMsg:93) [2017-07-03 17:51:49 CST]:*_* pq: 无效的 "UTF8" 编码字节顺序: 0x8b
[EROR] (bakerstreet-club/logs.logMsg:93) [2017-07-03 17:51:49 CST]:*_* pq: 无效的 "UTF8" 编码字节顺序: 0xe6 0x9c
[EROR] (bakerstreet-club/logs.logMsg:93) [2017-07-03 17:51:49 CST]:*_* pq: 无效的 "UTF8" 编码字节顺序: 0xe6 0x9c
[EROR] (bakerstreet-club/logs.logMsg:93) [2017-07-03 17:51:49 CST]:*_* pq: 无效的 "UTF8" 编码字节顺序: 0xac
[EROR] (bakerstreet-club/logs.logMsg:93) [2017-07-03 17:51:49 CST]:*_* pq: 无效的 "UTF8" 编码字节顺序: 0xac
[EROR] (bakerstreet-club/logs.logMsg:93) [2017-07-03 17:51:49 CST]:*_* pq: 无效的 "UTF8" 编码字节顺序: 0xe6 0x9c
[EROR] (bakerstreet-club/logs.logMsg:93) [2017-07-03 17:51:49 CST]:*_* pq: 无效的 "UTF8" 编码字节顺序: 0xe6 0x9c
[EROR] (bakerstreet-club/logs.logMsg:93) [2017-07-03 17:51:50 CST]:*_* pq: 无效的 "UTF8" 编码字节顺序: 0xe4 0xb8
[EROR] (bakerstreet-club/logs.logMsg:93) [2017-07-03 17:51:50 CST]:*_* pq: 无效的 "UTF8" 编码字节顺序: 0xac
[EROR] (bakerstreet-club/logs.logMsg:93) [2017-07-03 17:51:50 CST]:*_* pq: 无效的 "UTF8" 编码字节顺序: 0xe6 0x9c
[INFO] (bakerstreet-club/logs.logMsg:91) [2017-07-03 18:05:27 CST]:$_$  => system named SEP.DataListener init success .. 
[EROR] (bakerstreet-club/logs.logMsg:93) [2017-07-03 18:05:37 CST]:*_* pq: 无效的 "UTF8" 编码字节顺序: 0xe6 0x9c
[EROR] (bakerstreet-club/logs.logMsg:93) [2017-07-03 18:05:37 CST]:*_* pq: 无效的 "UTF8" 编码字节顺序: 0xe6 0x9c
[EROR] (bakerstreet-club/logs.logMsg:93) [2017-07-03 18:05:37 CST]:*_* pq: 无效的 "UTF8" 编码字节顺序: 0xac
[EROR] (bakerstreet-club/logs.logMsg:93) [2017-07-03 18:05:37 CST]:*_* pq: 无效的 "UTF8" 编码字节顺序: 0xe4 0xb8
[EROR] (bakerstreet-club/logs.logMsg:93) [2017-07-03 18:05:37 CST]:*_* pq: 无效的 "UTF8" 编码字节顺序: 0xe6 0x9c
[EROR] (bakerstreet-club/logs.logMsg:93) [2017-07-03 18:05:38 CST]:*_* pq: 无效的 "UTF8" 编码字节顺序: 0xe6 0x9c
[EROR] (bakerstreet-club/logs.logMsg:93) [2017-07-03 18:05:38 CST]:*_* pq: 无效的 "UTF8" 编码字节顺序: 0xe6 0x9c
[EROR] (bakerstreet-club/logs.logMsg:93) [2017-07-03 18:05:38 CST]:*_* pq: 无效的 "UTF8" 编码字节顺序: 0xe6 0x9c
[EROR] (bakerstreet-club/logs.logMsg:93) [2017-07-03 18:05:38 CST]:*_* pq: 无效的 "UTF8" 编码字节顺序: 0xe6 0x9c
[EROR] (bakerstreet-club/logs.logMsg:93) [2017-07-03 18:05:38 CST]:*_* pq: 无效的 "UTF8" 编码字节顺序: 0xe6 0x9c
[EROR] (bakerstreet-club/logs.logMsg:93) [2017-07-03 18:05:38 CST]:*_* pq: 无效的 "UTF8" 编码字节顺序: 0xe4 0xb8
[EROR] (bakerstreet-club/logs.logMsg:93) [2017-07-03 18:05:39 CST]:*_* pq: 无效的 "UTF8" 编码字节顺序: 0xe6 0x9c
[EROR] (bakerstreet-club/logs.logMsg:93) [2017-07-03 18:05:39 CST]:*_* pq: 无效的 "UTF8" 编码字节顺序: 0x8b
[EROR] (bakerstreet-club/logs.logMsg:93) [2017-07-03 18:05:39 CST]:*_* pq: 无效的 "UTF8" 编码字节顺序: 0xe6 0x9c
[EROR] (bakerstreet-club/logs.logMsg:93) [2017-07-03 18:05:39 CST]:*_* pq: 无效的 "UTF8" 编码字节顺序: 0xe4 0xb8
[EROR] (bakerstreet-club/logs.logMsg:93) [2017-07-03 18:05:39 CST]:*_* pq: 无效的 "UTF8" 编码字节顺序: 0xe6 0x9c
[EROR] (bakerstreet-club/logs.logMsg:93) [2017-07-03 18:05:39 CST]:*_* pq: 无效的 "UTF8" 编码字节顺序: 0x8b
[EROR] (bakerstreet-club/logs.logMsg:93) [2017-07-03 18:05:39 CST]:*_* pq: 无效的 "UTF8" 编码字节顺序: 0xe6 0x9c
[EROR] (bakerstreet-club/logs.logMsg:93) [2017-07-03 18:05:39 CST]:*_* pq: 无效的 "UTF8" 编码字节顺序: 0xe4 0xb8
[EROR] (bakerstreet-club/logs.logMsg:93) [2017-07-03 18:05:40 CST]:*_* pq: 无效的 "UTF8" 编码字节顺序: 0xe6 0x9c
[EROR] (bakerstreet-club/logs.logMsg:93) [2017-07-03 18:05:40 CST]:*_* pq: 无效的 "UTF8" 编码字节顺序: 0xe6 0x9c
[EROR] (bakerstreet-club/logs.logMsg:93) [2017-07-03 18:05:40 CST]:*_* pq: 无效的 "UTF8" 编码字节顺序: 0xe4 0xb8
[EROR] (bakerstreet-club/logs.logMsg:93) [2017-07-03 18:05:40 CST]:*_* pq: 无效的 "UTF8" 编码字节顺序: 0xe6 0x9c
[EROR] (bakerstreet-club/logs.logMsg:93) [2017-07-03 18:05:40 CST]:*_* pq: 无效的 "UTF8" 编码字节顺序: 0xe6 0x9c
[EROR] (bakerstreet-club/logs.logMsg:93) [2017-07-03 18:05:40 CST]:*_* pq: 无效的 "UTF8" 编码字节顺序: 0xe6 0x9c
[EROR] (bakerstreet-club/logs.logMsg:93) [2017-07-03 18:05:40 CST]:*_* pq: 无效的 "UTF8" 编码字节顺序: 0xe4 0xb8
[EROR] (bakerstreet-club/logs.logMsg:93) [2017-07-03 18:05:41 CST]:*_* pq: 无效的 "UTF8" 编码字节顺序: 0xe6 0x9c
[EROR] (bakerstreet-club/logs.logMsg:93) [2017-07-03 18:05:41 CST]:*_* pq: 无效的 "UTF8" 编码字节顺序: 0xe6 0x9c
[EROR] (bakerstreet-club/logs.logMsg:93) [2017-07-03 18:05:41 CST]:*_* pq: 无效的 "UTF8" 编码字节顺序: 0xe6 0x9c
[EROR] (bakerstreet-club/logs.logMsg:93) [2017-07-03 18:05:41 CST]:*_* pq: 无效的 "UTF8" 编码字节顺序: 0xe6 0x9c
[EROR] (bakerstreet-club/logs.logMsg:93) [2017-07-03 18:05:41 CST]:*_* pq: 无效的 "UTF8" 编码字节顺序: 0xe6 0x9c
[EROR] (bakerstreet-club/logs.logMsg:93) [2017-07-03 18:05:41 CST]:*_* pq: 无效的 "UTF8" 编码字节顺序: 0xe6 0x9c
[EROR] (bakerstreet-club/logs.logMsg:93) [2017-07-03 18:05:41 CST]:*_* pq: 无效的 "UTF8" 编码字节顺序: 0xe4 0xb8
[EROR] (bakerstreet-club/logs.logMsg:93) [2017-07-03 18:05:42 CST]:*_* pq: 无效的 "UTF8" 编码字节顺序: 0xe6 0x9c
[EROR] (bakerstreet-club/logs.logMsg:93) [2017-07-03 18:05:42 CST]:*_* pq: 无效的 "UTF8" 编码字节顺序: 0xe4 0xb8
[EROR] (bakerstreet-club/logs.logMsg:93) [2017-07-03 18:05:42 CST]:*_* pq: 无效的 "UTF8" 编码字节顺序: 0xe6 0x9c
[EROR] (bakerstreet-club/logs.logMsg:93) [2017-07-03 18:05:42 CST]:*_* pq: 无效的 "UTF8" 编码字节顺序: 0xe4 0xb8
[EROR] (bakerstreet-club/logs.logMsg:93) [2017-07-03 18:05:42 CST]:*_* pq: 无效的 "UTF8" 编码字节顺序: 0xe6 0x9c
[EROR] (bakerstreet-club/logs.logMsg:93) [2017-07-03 18:05:42 CST]:*_* pq: 无效的 "UTF8" 编码字节顺序: 0xe6 0x9c
[EROR] (bakerstreet-club/logs.logMsg:93) [2017-07-03 18:05:42 CST]:*_* pq: 无效的 "UTF8" 编码字节顺序: 0xe6 0x9c
[EROR] (bakerstreet-club/logs.logMsg:93) [2017-07-03 18:05:42 CST]:*_* pq: 无效的 "UTF8" 编码字节顺序: 0xe4 0xb8
[EROR] (bakerstreet-club/logs.logMsg:93) [2017-07-03 18:05:43 CST]:*_* pq: 无效的 "UTF8" 编码字节顺序: 0xe6 0x9c
[EROR] (bakerstreet-club/logs.logMsg:93) [2017-07-03 18:05:43 CST]:*_* pq: 无效的 "UTF8" 编码字节顺序: 0xe6 0x9c
[EROR] (bakerstreet-club/logs.logMsg:93) [2017-07-03 18:05:43 CST]:*_* pq: 无效的 "UTF8" 编码字节顺序: 0xe4 0xb8
[EROR] (bakerstreet-club/logs.logMsg:93) [2017-07-03 18:05:43 CST]:*_* pq: 无效的 "UTF8" 编码字节顺序: 0xe6 0x9c
[EROR] (bakerstreet-club/logs.logMsg:93) [2017-07-03 18:05:43 CST]:*_* pq: 无效的 "UTF8" 编码字节顺序: 0xe6 0x9c
[EROR] (bakerstreet-club/logs.logMsg:93) [2017-07-03 18:05:43 CST]:*_* pq: 无效的 "UTF8" 编码字节顺序: 0xe6 0x9c
[EROR] (bakerstreet-club/logs.logMsg:93) [2017-07-03 18:05:43 CST]:*_* pq: 无效的 "UTF8" 编码字节顺序: 0xac
[EROR] (bakerstreet-club/logs.logMsg:93) [2017-07-03 18:05:44 CST]:*_* pq: 无效的 "UTF8" 编码字节顺序: 0xe6 0x9c
[EROR] (bakerstreet-club/logs.logMsg:93) [2017-07-03 18:05:44 CST]:*_* pq: 无效的 "UTF8" 编码字节顺序: 0xe6 0x9c
[EROR] (bakerstreet-club/logs.logMsg:93) [2017-07-03 18:05:44 CST]:*_* pq: 无效的 "UTF8" 编码字节顺序: 0xe6 0x9c
[EROR] (bakerstreet-club/logs.logMsg:93) [2017-07-03 18:05:44 CST]:*_* pq: 无效的 "UTF8" 编码字节顺序: 0xe6 0x9c
[EROR] (bakerstreet-club/logs.logMsg:93) [2017-07-03 18:05:44 CST]:*_* pq: 无效的 "UTF8" 编码字节顺序: 0xe4 0xb8
[EROR] (bakerstreet-club/logs.logMsg:93) [2017-07-03 18:05:44 CST]:*_* pq: 无效的 "UTF8" 编码字节顺序: 0xe6 0x9c
[EROR] (bakerstreet-club/logs.logMsg:93) [2017-07-03 18:05:44 CST]:*_* pq: 无效的 "UTF8" 编码字节顺序: 0xe6 0x9c
[EROR] (bakerstreet-club/logs.logMsg:93) [2017-07-03 18:05:45 CST]:*_* pq: 无效的 "UTF8" 编码字节顺序: 0xe6 0x9c
[EROR] (bakerstreet-club/logs.logMsg:93) [2017-07-03 18:05:45 CST]:*_* pq: 无效的 "UTF8" 编码字节顺序: 0xe6 0x9c
[EROR] (bakerstreet-club/logs.logMsg:93) [2017-07-03 18:05:45 CST]:*_* pq: 无效的 "UTF8" 编码字节顺序: 0xe6 0x9c
[EROR] (bakerstreet-club/logs.logMsg:93) [2017-07-03 18:05:45 CST]:*_* pq: 无效的 "UTF8" 编码字节顺序: 0xe6 0x9c
[EROR] (bakerstreet-club/logs.logMsg:93) [2017-07-03 18:05:45 CST]:*_* pq: 无效的 "UTF8" 编码字节顺序: 0xe6 0x9c
[EROR] (bakerstreet-club/logs.logMsg:93) [2017-07-03 18:05:45 CST]:*_* pq: 无效的 "UTF8" 编码字节顺序: 0xe6 0x9c
[EROR] (bakerstreet-club/logs.logMsg:93) [2017-07-03 18:05:46 CST]:*_* pq: 无效的 "UTF8" 编码字节顺序: 0xe6 0x9c
[EROR] (bakerstreet-club/logs.logMsg:93) [2017-07-03 18:05:46 CST]:*_* pq: 无效的 "UTF8" 编码字节顺序: 0xe4 0xb8
[EROR] (bakerstreet-club/logs.logMsg:93) [2017-07-03 18:05:46 CST]:*_* pq: 无效的 "UTF8" 编码字节顺序: 0xe6 0x9c
[EROR] (bakerstreet-club/logs.logMsg:93) [2017-07-03 18:05:46 CST]:*_* pq: 无效的 "UTF8" 编码字节顺序: 0x8b
[EROR] (bakerstreet-club/logs.logMsg:93) [2017-07-03 18:05:46 CST]:*_* pq: 无效的 "UTF8" 编码字节顺序: 0xe6 0x9c
[EROR] (bakerstreet-club/logs.logMsg:93) [2017-07-03 18:05:46 CST]:*_* pq: 无效的 "UTF8" 编码字节顺序: 0xe6 0x9c
[EROR] (bakerstreet-club/logs.logMsg:93) [2017-07-03 18:05:47 CST]:*_* pq: 无效的 "UTF8" 编码字节顺序: 0xe4 0xb8
[EROR] (bakerstreet-club/logs.logMsg:93) [2017-07-03 18:05:47 CST]:*_* pq: 无效的 "UTF8" 编码字节顺序: 0xac
[EROR] (bakerstreet-club/logs.logMsg:93) [2017-07-03 18:05:47 CST]:*_* pq: 无效的 "UTF8" 编码字节顺序: 0xe6 0x9c
[EROR] (bakerstreet-club/logs.logMsg:93) [2017-07-03 18:05:47 CST]:*_* pq: 无效的 "UTF8" 编码字节顺序: 0xe6 0x9c
[EROR] (bakerstreet-club/logs.logMsg:93) [2017-07-03 18:05:47 CST]:*_* pq: 无效的 "UTF8" 编码字节顺序: 0xe6 0x9c
[EROR] (bakerstreet-club/logs.logMsg:93) [2017-07-03 18:05:47 CST]:*_* pq: 无效的 "UTF8" 编码字节顺序: 0xe6 0x9c
[EROR] (bakerstreet-club/logs.logMsg:93) [2017-07-03 18:05:48 CST]:*_* pq: 无效的 "UTF8" 编码字节顺序: 0xe6 0x9c
[EROR] (bakerstreet-club/logs.logMsg:93) [2017-07-03 18:05:48 CST]:*_* pq: 无效的 "UTF8" 编码字节顺序: 0xe6 0x9c
[EROR] (bakerstreet-club/logs.logMsg:93) [2017-07-03 18:05:48 CST]:*_* pq: 无效的 "UTF8" 编码字节顺序: 0xe6 0x9c
[EROR] (bakerstreet-club/logs.logMsg:93) [2017-07-03 18:05:48 CST]:*_* pq: 无效的 "UTF8" 编码字节顺序: 0xe6 0x9c
[EROR] (bakerstreet-club/logs.logMsg:93) [2017-07-03 18:05:48 CST]:*_* pq: 无效的 "UTF8" 编码字节顺序: 0xac
[EROR] (bakerstreet-club/logs.logMsg:93) [2017-07-03 18:05:49 CST]:*_* pq: 无效的 "UTF8" 编码字节顺序: 0xe6 0x9c
[EROR] (bakerstreet-club/logs.logMsg:93) [2017-07-03 18:05:49 CST]:*_* pq: 无效的 "UTF8" 编码字节顺序: 0xac
[EROR] (bakerstreet-club/logs.logMsg:93) [2017-07-03 18:05:49 CST]:*_* pq: 无效的 "UTF8" 编码字节顺序: 0xe6 0x9c
[EROR] (bakerstreet-club/logs.logMsg:93) [2017-07-03 18:05:49 CST]:*_* pq: 无效的 "UTF8" 编码字节顺序: 0xe4 0xb8
[EROR] (bakerstreet-club/logs.logMsg:93) [2017-07-03 18:05:49 CST]:*_* pq: 无效的 "UTF8" 编码字节顺序: 0xe6 0x9c
[EROR] (bakerstreet-club/logs.logMsg:93) [2017-07-03 18:05:49 CST]:*_* pq: 无效的 "UTF8" 编码字节顺序: 0xe6 0x9c
[EROR] (bakerstreet-club/logs.logMsg:93) [2017-07-03 18:05:50 CST]:*_* pq: 无效的 "UTF8" 编码字节顺序: 0xe6 0x9c
[EROR] (bakerstreet-club/logs.logMsg:93) [2017-07-03 18:05:50 CST]:*_* pq: 无效的 "UTF8" 编码字节顺序: 0xe6 0x9c
[EROR] (bakerstreet-club/logs.logMsg:93) [2017-07-03 18:05:50 CST]:*_* pq: 无效的 "UTF8" 编码字节顺序: 0xe6 0x9c
[EROR] (bakerstreet-club/logs.logMsg:93) [2017-07-03 18:05:50 CST]:*_* pq: 无效的 "UTF8" 编码字节顺序: 0xe6 0x9c
[EROR] (bakerstreet-club/logs.logMsg:93) [2017-07-03 18:05:50 CST]:*_* pq: 无效的 "UTF8" 编码字节顺序: 0xe4 0xb8
[EROR] (bakerstreet-club/logs.logMsg:93) [2017-07-03 18:05:50 CST]:*_* pq: 无效的 "UTF8" 编码字节顺序: 0xe6 0x9c
[EROR] (bakerstreet-club/logs.logMsg:93) [2017-07-03 18:05:51 CST]:*_* pq: 无效的 "UTF8" 编码字节顺序: 0xe6 0x9c
[EROR] (bakerstreet-club/logs.logMsg:93) [2017-07-03 18:05:51 CST]:*_* pq: 无效的 "UTF8" 编码字节顺序: 0xe6 0x9c
[EROR] (bakerstreet-club/logs.logMsg:93) [2017-07-03 18:05:51 CST]:*_* pq: 无效的 "UTF8" 编码字节顺序: 0xe6 0x9c
[EROR] (bakerstreet-club/logs.logMsg:93) [2017-07-03 18:05:51 CST]:*_* pq: 无效的 "UTF8" 编码字节顺序: 0xac
[EROR] (bakerstreet-club/logs.logMsg:93) [2017-07-03 18:05:51 CST]:*_* pq: 无效的 "UTF8" 编码字节顺序: 0xe6 0x9c
[EROR] (bakerstreet-club/logs.logMsg:93) [2017-07-03 18:05:52 CST]:*_* pq: 无效的 "UTF8" 编码字节顺序: 0x8b
[EROR] (bakerstreet-club/logs.logMsg:93) [2017-07-03 18:05:52 CST]:*_* pq: 无效的 "UTF8" 编码字节顺序: 0xe6 0x9c
[EROR] (bakerstreet-club/logs.logMsg:93) [2017-07-03 18:05:52 CST]:*_* pq: 无效的 "UTF8" 编码字节顺序: 0xac
[EROR] (bakerstreet-club/logs.logMsg:93) [2017-07-03 18:05:52 CST]:*_* pq: 无效的 "UTF8" 编码字节顺序: 0xe6 0x9c
[EROR] (bakerstreet-club/logs.logMsg:93) [2017-07-03 18:05:52 CST]:*_* pq: 无效的 "UTF8" 编码字节顺序: 0xac
[EROR] (bakerstreet-club/logs.logMsg:93) [2017-07-03 18:05:52 CST]:*_* pq: 无效的 "UTF8" 编码字节顺序: 0xe6 0x9c
[EROR] (bakerstreet-club/logs.logMsg:93) [2017-07-03 18:05:53 CST]:*_* pq: 无效的 "UTF8" 编码字节顺序: 0xe6 0x9c
[EROR] (bakerstreet-club/logs.logMsg:93) [2017-07-03 18:05:53 CST]:*_* pq: 无效的 "UTF8" 编码字节顺序: 0xe4 0xb8
[EROR] (bakerstreet-club/logs.logMsg:93) [2017-07-03 18:05:53 CST]:*_* pq: 无效的 "UTF8" 编码字节顺序: 0xe6 0x9c
[EROR] (bakerstreet-club/logs.logMsg:93) [2017-07-03 18:05:53 CST]:*_* pq: 无效的 "UTF8" 编码字节顺序: 0xe6 0x9c
[EROR] (bakerstreet-club/logs.logMsg:93) [2017-07-03 18:05:53 CST]:*_* pq: 无效的 "UTF8" 编码字节顺序: 0xe6 0x9c
[EROR] (bakerstreet-club/logs.logMsg:93) [2017-07-03 18:05:54 CST]:*_* pq: 无效的 "UTF8" 编码字节顺序: 0xe6 0x9c
[EROR] (bakerstreet-club/logs.logMsg:93) [2017-07-03 18:05:54 CST]:*_* pq: 无效的 "UTF8" 编码字节顺序: 0xe6 0x9c
[EROR] (bakerstreet-club/logs.logMsg:93) [2017-07-03 18:05:54 CST]:*_* pq: 无效的 "UTF8" 编码字节顺序: 0xe6 0x9c
[EROR] (bakerstreet-club/logs.logMsg:93) [2017-07-03 18:05:54 CST]:*_* pq: 无效的 "UTF8" 编码字节顺序: 0xac
[EROR] (bakerstreet-club/logs.logMsg:93) [2017-07-03 18:05:54 CST]:*_* pq: 无效的 "UTF8" 编码字节顺序: 0xe6 0x9c
[EROR] (bakerstreet-club/logs.logMsg:93) [2017-07-03 18:05:55 CST]:*_* pq: 无效的 "UTF8" 编码字节顺序: 0xe6 0x9c
[EROR] (bakerstreet-club/logs.logMsg:93) [2017-07-03 18:05:55 CST]:*_* pq: 无效的 "UTF8" 编码字节顺序: 0xe6 0x9c
[EROR] (bakerstreet-club/logs.logMsg:93) [2017-07-03 18:05:55 CST]:*_* pq: 无效的 "UTF8" 编码字节顺序: 0xac
[EROR] (bakerstreet-club/logs.logMsg:93) [2017-07-03 18:05:55 CST]:*_* pq: 无效的 "UTF8" 编码字节顺序: 0xe6 0x9c
[EROR] (bakerstreet-club/logs.logMsg:93) [2017-07-03 18:05:55 CST]:*_* pq: 无效的 "UTF8" 编码字节顺序: 0xe4 0xb8
[EROR] (bakerstreet-club/logs.logMsg:93) [2017-07-03 18:05:56 CST]:*_* pq: 无效的 "UTF8" 编码字节顺序: 0xe6 0x9c
[EROR] (bakerstreet-club/logs.logMsg:93) [2017-07-03 18:05:56 CST]:*_* pq: 无效的 "UTF8" 编码字节顺序: 0xe4 0xb8
[EROR] (bakerstreet-club/logs.logMsg:93) [2017-07-03 18:05:56 CST]:*_* pq: 无效的 "UTF8" 编码字节顺序: 0xe6 0x9c
[EROR] (bakerstreet-club/logs.logMsg:93) [2017-07-03 18:05:57 CST]:*_* pq: 无效的 "UTF8" 编码字节顺序: 0xe6 0x9c
[EROR] (bakerstreet-club/logs.logMsg:93) [2017-07-03 18:05:57 CST]:*_* pq: 无效的 "UTF8" 编码字节顺序: 0xe6 0x9c
[EROR] (bakerstreet-club/logs.logMsg:93) [2017-07-03 18:05:57 CST]:*_* pq: 无效的 "UTF8" 编码字节顺序: 0xe6 0x9c
[EROR] (bakerstreet-club/logs.logMsg:93) [2017-07-03 18:05:57 CST]:*_* pq: 无效的 "UTF8" 编码字节顺序: 0xe6 0x9c
[EROR] (bakerstreet-club/logs.logMsg:93) [2017-07-03 18:05:57 CST]:*_* pq: 无效的 "UTF8" 编码字节顺序: 0xe6 0x9c
[EROR] (bakerstreet-club/logs.logMsg:93) [2017-07-03 18:05:57 CST]:*_* pq: 无效的 "UTF8" 编码字节顺序: 0xe4 0xb8
[EROR] (bakerstreet-club/logs.logMsg:93) [2017-07-03 18:05:58 CST]:*_* pq: 无效的 "UTF8" 编码字节顺序: 0xe6 0x9c
[EROR] (bakerstreet-club/logs.logMsg:93) [2017-07-03 18:05:58 CST]:*_* pq: 无效的 "UTF8" 编码字节顺序: 0xe6 0x9c
[EROR] (bakerstreet-club/logs.logMsg:93) [2017-07-03 18:05:58 CST]:*_* pq: 无效的 "UTF8" 编码字节顺序: 0xe6 0x9c
[EROR] (bakerstreet-club/logs.logMsg:93) [2017-07-03 18:05:58 CST]:*_* pq: 无效的 "UTF8" 编码字节顺序: 0xac
[EROR] (bakerstreet-club/logs.logMsg:93) [2017-07-03 18:05:58 CST]:*_* pq: 无效的 "UTF8" 编码字节顺序: 0xe6 0x9c
[EROR] (bakerstreet-club/logs.logMsg:93) [2017-07-03 18:05:59 CST]:*_* pq: 无效的 "UTF8" 编码字节顺序: 0xac
[EROR] (bakerstreet-club/logs.logMsg:93) [2017-07-03 18:05:59 CST]:*_* pq: 无效的 "UTF8" 编码字节顺序: 0xe4 0xb8
[EROR] (bakerstreet-club/logs.logMsg:93) [2017-07-03 18:05:59 CST]:*_* pq: 无效的 "UTF8" 编码字节顺序: 0xe6 0x9c
[EROR] (bakerstreet-club/logs.logMsg:93) [2017-07-03 18:05:59 CST]:*_* pq: 无效的 "UTF8" 编码字节顺序: 0xe6 0x9c
[EROR] (bakerstreet-club/logs.logMsg:93) [2017-07-03 18:05:59 CST]:*_* pq: 无效的 "UTF8" 编码字节顺序: 0xe6 0x9c
[EROR] (bakerstreet-club/logs.logMsg:93) [2017-07-03 18:05:59 CST]:*_* pq: 无效的 "UTF8" 编码字节顺序: 0xe6 0x9c
[EROR] (bakerstreet-club/logs.logMsg:93) [2017-07-03 18:05:59 CST]:*_* pq: 无效的 "UTF8" 编码字节顺序: 0xac
[EROR] (bakerstreet-club/logs.logMsg:93) [2017-07-03 18:06:00 CST]:*_* pq: 无效的 "UTF8" 编码字节顺序: 0xe6 0x9c
[EROR] (bakerstreet-club/logs.logMsg:93) [2017-07-03 18:06:00 CST]:*_* pq: 无效的 "UTF8" 编码字节顺序: 0xe4 0xb8
[EROR] (bakerstreet-club/logs.logMsg:93) [2017-07-03 18:06:00 CST]:*_* pq: 无效的 "UTF8" 编码字节顺序: 0xac
[EROR] (bakerstreet-club/logs.logMsg:93) [2017-07-03 18:06:00 CST]:*_* pq: 无效的 "UTF8" 编码字节顺序: 0xe6 0x9c
[EROR] (bakerstreet-club/logs.logMsg:93) [2017-07-03 18:06:00 CST]:*_* pq: 无效的 "UTF8" 编码字节顺序: 0xe6 0x9c
[EROR] (bakerstreet-club/logs.logMsg:93) [2017-07-03 18:06:00 CST]:*_* pq: 无效的 "UTF8" 编码字节顺序: 0xe6 0x9c
[EROR] (bakerstreet-club/logs.logMsg:93) [2017-07-03 18:06:01 CST]:*_* pq: 无效的 "UTF8" 编码字节顺序: 0xe6 0x9c
[EROR] (bakerstreet-club/logs.logMsg:93) [2017-07-03 18:06:01 CST]:*_* pq: 无效的 "UTF8" 编码字节顺序: 0xe6 0x9c
[EROR] (bakerstreet-club/logs.logMsg:93) [2017-07-03 18:06:01 CST]:*_* pq: 无效的 "UTF8" 编码字节顺序: 0xe4 0xb8
[EROR] (bakerstreet-club/logs.logMsg:93) [2017-07-03 18:06:01 CST]:*_* pq: 无效的 "UTF8" 编码字节顺序: 0xe6 0x9c
[EROR] (bakerstreet-club/logs.logMsg:93) [2017-07-03 18:06:01 CST]:*_* pq: 无效的 "UTF8" 编码字节顺序: 0xe6 0x9c
[EROR] (bakerstreet-club/logs.logMsg:93) [2017-07-03 18:06:02 CST]:*_* pq: 无效的 "UTF8" 编码字节顺序: 0xac
[EROR] (bakerstreet-club/logs.logMsg:93) [2017-07-03 18:06:02 CST]:*_* pq: 无效的 "UTF8" 编码字节顺序: 0xe6 0x9c
[EROR] (bakerstreet-club/logs.logMsg:93) [2017-07-03 18:06:02 CST]:*_* pq: 无效的 "UTF8" 编码字节顺序: 0xe6 0x9c
[EROR] (bakerstreet-club/logs.logMsg:93) [2017-07-03 18:06:02 CST]:*_* pq: 无效的 "UTF8" 编码字节顺序: 0xac
[EROR] (bakerstreet-club/logs.logMsg:93) [2017-07-03 18:06:02 CST]:*_* pq: 无效的 "UTF8" 编码字节顺序: 0xe4 0xb8
[EROR] (bakerstreet-club/logs.logMsg:93) [2017-07-03 18:10:18 CST]:*_* pq: 无效的 "UTF8" 编码字节顺序: 0xe6 0x9c
[EROR] (bakerstreet-club/logs.logMsg:93) [2017-07-03 18:10:18 CST]:*_* pq: 无效的 "UTF8" 编码字节顺序: 0xe6 0x9c
[INFO] (bakerstreet-club/logs.logMsg:91) [2017-07-03 18:18:12 CST]:$_$  => system named SEP.DataListener init success .. 
[INFO] (bakerstreet-club/logs.logMsg:91) [2017-07-03 18:21:25 CST]:$_$  => system named SEP.DataListener init success .. 
[INFO] (bakerstreet-club/logs.logMsg:91) [2017-07-05 06:34:01 CST]:$_$  => system named SEP.DataListener init success .. 
[INFO] (bakerstreet-club/logs.logMsg:91) [2017-07-05 06:35:11 CST]:$_$  => system named SEP.DataListener init success .. 
[INFO] (bakerstreet-club/logs.logMsg:91) [2017-07-05 06:35:53 CST]:$_$  => system named SEP.DataListener init success .. 
[INFO] (bakerstreet-club/logs.logMsg:91) [2017-07-05 06:37:08 CST]:$_$  => system named SEP.DataListener init success .. 
[INFO] (bakerstreet-club/logs.logMsg:91) [2017-07-05 06:38:17 CST]:$_$  => system named SEP.DataListener init success .. 
[INFO] (bakerstreet-club/logs.logMsg:91) [2017-07-05 06:39:08 CST]:$_$  => system named SEP.DataListener init success .. 
[INFO] (bakerstreet-club/logs.logMsg:91) [2017-07-05 06:41:20 CST]:$_$  => system named SEP.DataListener init success .. 
[INFO] (bakerstreet-club/logs.logMsg:91) [2017-07-05 06:44:26 CST]:$_$  => system named SEP.DataListener init success .. 
[INFO] (bakerstreet-club/logs.logMsg:91) [2017-07-05 06:44:56 CST]:$_$  => system named SEP.DataListener init success .. 
[INFO] (bakerstreet-club/logs.logMsg:91) [2017-07-05 06:45:48 CST]:$_$  => system named SEP.DataListener init success .. 
[INFO] (bakerstreet-club/logs.logMsg:91) [2017-07-05 06:46:21 CST]:$_$  => system named SEP.DataListener init success .. 
[INFO] (bakerstreet-club/logs.logMsg:91) [2017-07-05 06:46:35 CST]:$_$  => system named SEP.DataListener init success .. 
[INFO] (bakerstreet-club/logs.logMsg:91) [2017-07-05 06:49:33 CST]:$_$  => system named SEP.DataListener init success .. 
[INFO] (bakerstreet-club/logs.logMsg:91) [2017-07-05 06:51:06 CST]:$_$  => system named SEP.DataListener init success .. 
[INFO] (bakerstreet-club/logs.logMsg:91) [2017-07-05 06:51:25 CST]:$_$  => system named SEP.DataListener init success .. 
[INFO] (bakerstreet-club/logs.logMsg:91) [2017-07-05 06:51:48 CST]:$_$  => system named SEP.DataListener init success .. 
[INFO] (bakerstreet-club/logs.logMsg:91) [2017-07-05 09:04:53 CST]:$_$  => system named SEP.DataListener init success .. 
[EROR] (bakerstreet-club/logs.logMsg:93) [2017-07-05 09:46:50 CST]:*_* pq: ݿϵͳ
[INFO] (bakerstreet-club/logs.logMsg:91) [2017-07-05 09:46:50 CST]:$_$  => system named SEP.DataListener init success .. 
[EROR] (bakerstreet-club/logs.logMsg:93) [2017-07-05 09:46:52 CST]:*_* pq: ݿϵͳ
[EROR] (bakerstreet-club/logs.logMsg:93) [2017-07-05 09:46:52 CST]:*_* pq: ݿϵͳ
[EROR] (bakerstreet-club/logs.logMsg:93) [2017-07-05 09:47:14 CST]:*_* pq: ݿϵͳ
[INFO] (bakerstreet-club/logs.logMsg:91) [2017-07-05 09:47:15 CST]:$_$  => system named SEP.DataListener init success .. 
[EROR] (bakerstreet-club/logs.logMsg:93) [2017-07-05 09:47:17 CST]:*_* pq: ݿϵͳ
[EROR] (bakerstreet-club/logs.logMsg:93) [2017-07-05 09:47:17 CST]:*_* pq: ݿϵͳ
[EROR] (bakerstreet-club/logs.logMsg:93) [2017-07-05 09:48:07 CST]:*_* pq: ݿϵͳ
[INFO] (bakerstreet-club/logs.logMsg:91) [2017-07-05 09:48:08 CST]:$_$  => system named SEP.DataListener init success .. 
[EROR] (bakerstreet-club/logs.logMsg:93) [2017-07-05 09:48:10 CST]:*_* pq: ݿϵͳ
[EROR] (bakerstreet-club/logs.logMsg:93) [2017-07-05 09:48:10 CST]:*_* pq: ݿϵͳ
[INFO] (bakerstreet-club/logs.logMsg:91) [2017-07-05 09:54:27 CST]:$_$  => system named SEP.DataListener init success .. 
[INFO] (bakerstreet-club/logs.logMsg:91) [2017-07-05 11:56:10 CST]:$_$  => system named SEP.DataListener init success .. 
[INFO] (bakerstreet-club/logs.logMsg:91) [2017-07-05 13:51:10 CST]:$_$  => system named SEP.DataListener init success .. 
[INFO] (bakerstreet-club/logs.logMsg:91) [2017-07-05 15:46:19 CST]:$_$  => system named SEP.DataListener init success .. 
[INFO] (bakerstreet-club/logs.logMsg:91) [2017-07-05 21:18:28 CST]:$_$  => system named SEP.DataListener init success .. 
[EROR] (bakerstreet-club/logs.logMsg:93) [2017-07-06 11:41:05 CST]:*_* Response is nil
